This file contains any messages produced by compilers while
running configure, to aid debugging if configure makes a mistake.

It was created by sphinxbase configure 0.6.1, which was
generated by GNU Autoconf 2.65.  Invocation command line was

  $ ./configure --prefix=/home/wmlab/.conda/envs/python27_CMUSphinx/

## --------- ##
## Platform. ##
## --------- ##

hostname = wmlab-317server
uname -m = x86_64
uname -r = 4.15.0-66-generic
uname -s = Linux
uname -v = #75~16.04.1-Ubuntu SMP Tue Oct 1 14:01:08 UTC 2019

/usr/bin/uname -p = unknown
/bin/uname -X     = unknown

/bin/arch              = unknown
/usr/bin/arch -k       = unknown
/usr/convex/getsysinfo = unknown
/usr/bin/hostinfo      = unknown
/bin/machine           = unknown
/usr/bin/oslevel       = unknown
/bin/universe          = unknown

PATH: /home/wmlab/.conda/envs/python27_CMUSphinx/bin
PATH: /home/wmlab/anaconda3/condabin
PATH: /home/wmlab/bin
PATH: /home/wmlab/.local/bin
PATH: /usr/local/sbin
PATH: /usr/local/bin
PATH: /usr/sbin
PATH: /usr/bin
PATH: /sbin
PATH: /bin
PATH: /usr/games
PATH: /usr/local/games
PATH: /snap/bin


## ----------- ##
## Core tests. ##
## ----------- ##

configure:2618: checking for a BSD-compatible install
configure:2686: result: /usr/bin/install -c
configure:2697: checking whether build environment is sane
configure:2747: result: yes
configure:2888: checking for a thread-safe mkdir -p
configure:2927: result: /bin/mkdir -p
configure:2940: checking for gawk
configure:2970: result: no
configure:2940: checking for mawk
configure:2956: found /usr/bin/mawk
configure:2967: result: mawk
configure:2978: checking whether make sets $(MAKE)
configure:3000: result: yes
configure:3079: checking build system type
configure:3093: result: x86_64-unknown-linux-gnu
configure:3113: checking host system type
configure:3126: result: x86_64-unknown-linux-gnu
configure:3173: checking for style of include used by make
configure:3201: result: GNU
configure:3271: checking for gcc
configure:3287: found /usr/bin/gcc
configure:3298: result: gcc
configure:3527: checking for C compiler version
configure:3536: gcc --version >&5
gcc (Ubuntu 5.4.0-6ubuntu1~16.04.12) 5.4.0 20160609
Copyright (C) 2015 Free Software Foundation, Inc.
This is free software; see the source for copying conditions.  There is NO
warranty; not even for MERCHANTABILITY or FITNESS FOR A PARTICULAR PURPOSE.

configure:3547: $? = 0
configure:3536: gcc -v >&5
Using built-in specs.
COLLECT_GCC=gcc
COLLECT_LTO_WRAPPER=/usr/lib/gcc/x86_64-linux-gnu/5/lto-wrapper
Target: x86_64-linux-gnu
Configured with: ../src/configure -v --with-pkgversion='Ubuntu 5.4.0-6ubuntu1~16.04.12' --with-bugurl=file:///usr/share/doc/gcc-5/README.Bugs --enable-languages=c,ada,c++,java,go,d,fortran,objc,obj-c++ --prefix=/usr --program-suffix=-5 --enable-shared --enable-linker-build-id --libexecdir=/usr/lib --without-included-gettext --enable-threads=posix --libdir=/usr/lib --enable-nls --with-sysroot=/ --enable-clocale=gnu --enable-libstdcxx-debug --enable-libstdcxx-time=yes --with-default-libstdcxx-abi=new --enable-gnu-unique-object --disable-vtable-verify --enable-libmpx --enable-plugin --with-system-zlib --disable-browser-plugin --enable-java-awt=gtk --enable-gtk-cairo --with-java-home=/usr/lib/jvm/java-1.5.0-gcj-5-amd64/jre --enable-java-home --with-jvm-root-dir=/usr/lib/jvm/java-1.5.0-gcj-5-amd64 --with-jvm-jar-dir=/usr/lib/jvm-exports/java-1.5.0-gcj-5-amd64 --with-arch-directory=amd64 --with-ecj-jar=/usr/share/java/eclipse-ecj.jar --enable-objc-gc --enable-multiarch --disable-werror --with-arch-32=i686 --with-abi=m64 --with-multilib-list=m32,m64,mx32 --enable-multilib --with-tune=generic --enable-checking=release --build=x86_64-linux-gnu --host=x86_64-linux-gnu --target=x86_64-linux-gnu
Thread model: posix
gcc version 5.4.0 20160609 (Ubuntu 5.4.0-6ubuntu1~16.04.12) 
configure:3547: $? = 0
configure:3536: gcc -V >&5
gcc: error: unrecognized command line option '-V'
gcc: fatal error: no input files
compilation terminated.
configure:3547: $? = 1
configure:3536: gcc -qversion >&5
gcc: error: unrecognized command line option '-qversion'
gcc: fatal error: no input files
compilation terminated.
configure:3547: $? = 1
configure:3567: checking whether the C compiler works
configure:3589: gcc -g -O2 -Wall   conftest.c  >&5
configure:3593: $? = 0
configure:3642: result: yes
configure:3645: checking for C compiler default output file name
configure:3647: result: a.out
configure:3653: checking for suffix of executables
configure:3660: gcc -o conftest -g -O2 -Wall   conftest.c  >&5
configure:3664: $? = 0
configure:3686: result: 
configure:3708: checking whether we are cross compiling
configure:3716: gcc -o conftest -g -O2 -Wall   conftest.c  >&5
configure:3720: $? = 0
configure:3727: ./conftest
configure:3731: $? = 0
configure:3746: result: no
configure:3751: checking for suffix of object files
configure:3773: gcc -c -g -O2 -Wall  conftest.c >&5
configure:3777: $? = 0
configure:3798: result: o
configure:3802: checking whether we are using the GNU C compiler
configure:3821: gcc -c -g -O2 -Wall  conftest.c >&5
configure:3821: $? = 0
configure:3830: result: yes
configure:3839: checking whether gcc accepts -g
configure:3859: gcc -c -g  conftest.c >&5
configure:3859: $? = 0
configure:3900: result: yes
configure:3917: checking for gcc option to accept ISO C89
configure:3981: gcc  -c -g -O2 -Wall  conftest.c >&5
configure:3981: $? = 0
configure:3994: result: none needed
configure:4016: checking dependency style of gcc
configure:4126: result: gcc3
configure:4142: checking for library containing strerror
configure:4173: gcc -o conftest -g -O2 -Wall   conftest.c  >&5
configure:4173: $? = 0
configure:4190: result: none required
configure:4246: checking for gcc
configure:4273: result: gcc
configure:4502: checking for C compiler version
configure:4511: gcc --version >&5
gcc (Ubuntu 5.4.0-6ubuntu1~16.04.12) 5.4.0 20160609
Copyright (C) 2015 Free Software Foundation, Inc.
This is free software; see the source for copying conditions.  There is NO
warranty; not even for MERCHANTABILITY or FITNESS FOR A PARTICULAR PURPOSE.

configure:4522: $? = 0
configure:4511: gcc -v >&5
Using built-in specs.
COLLECT_GCC=gcc
COLLECT_LTO_WRAPPER=/usr/lib/gcc/x86_64-linux-gnu/5/lto-wrapper
Target: x86_64-linux-gnu
Configured with: ../src/configure -v --with-pkgversion='Ubuntu 5.4.0-6ubuntu1~16.04.12' --with-bugurl=file:///usr/share/doc/gcc-5/README.Bugs --enable-languages=c,ada,c++,java,go,d,fortran,objc,obj-c++ --prefix=/usr --program-suffix=-5 --enable-shared --enable-linker-build-id --libexecdir=/usr/lib --without-included-gettext --enable-threads=posix --libdir=/usr/lib --enable-nls --with-sysroot=/ --enable-clocale=gnu --enable-libstdcxx-debug --enable-libstdcxx-time=yes --with-default-libstdcxx-abi=new --enable-gnu-unique-object --disable-vtable-verify --enable-libmpx --enable-plugin --with-system-zlib --disable-browser-plugin --enable-java-awt=gtk --enable-gtk-cairo --with-java-home=/usr/lib/jvm/java-1.5.0-gcj-5-amd64/jre --enable-java-home --with-jvm-root-dir=/usr/lib/jvm/java-1.5.0-gcj-5-amd64 --with-jvm-jar-dir=/usr/lib/jvm-exports/java-1.5.0-gcj-5-amd64 --with-arch-directory=amd64 --with-ecj-jar=/usr/share/java/eclipse-ecj.jar --enable-objc-gc --enable-multiarch --disable-werror --with-arch-32=i686 --with-abi=m64 --with-multilib-list=m32,m64,mx32 --enable-multilib --with-tune=generic --enable-checking=release --build=x86_64-linux-gnu --host=x86_64-linux-gnu --target=x86_64-linux-gnu
Thread model: posix
gcc version 5.4.0 20160609 (Ubuntu 5.4.0-6ubuntu1~16.04.12) 
configure:4522: $? = 0
configure:4511: gcc -V >&5
gcc: error: unrecognized command line option '-V'
gcc: fatal error: no input files
compilation terminated.
configure:4522: $? = 1
configure:4511: gcc -qversion >&5
gcc: error: unrecognized command line option '-qversion'
gcc: fatal error: no input files
compilation terminated.
configure:4522: $? = 1
configure:4526: checking whether we are using the GNU C compiler
configure:4554: result: yes
configure:4563: checking whether gcc accepts -g
configure:4624: result: yes
configure:4641: checking for gcc option to accept ISO C89
configure:4718: result: none needed
configure:4740: checking dependency style of gcc
configure:4850: result: gcc3
configure:4913: checking for gcc
configure:4940: result: gcc
configure:5169: checking for C compiler version
configure:5178: gcc --version >&5
gcc (Ubuntu 5.4.0-6ubuntu1~16.04.12) 5.4.0 20160609
Copyright (C) 2015 Free Software Foundation, Inc.
This is free software; see the source for copying conditions.  There is NO
warranty; not even for MERCHANTABILITY or FITNESS FOR A PARTICULAR PURPOSE.

configure:5189: $? = 0
configure:5178: gcc -v >&5
Using built-in specs.
COLLECT_GCC=gcc
COLLECT_LTO_WRAPPER=/usr/lib/gcc/x86_64-linux-gnu/5/lto-wrapper
Target: x86_64-linux-gnu
Configured with: ../src/configure -v --with-pkgversion='Ubuntu 5.4.0-6ubuntu1~16.04.12' --with-bugurl=file:///usr/share/doc/gcc-5/README.Bugs --enable-languages=c,ada,c++,java,go,d,fortran,objc,obj-c++ --prefix=/usr --program-suffix=-5 --enable-shared --enable-linker-build-id --libexecdir=/usr/lib --without-included-gettext --enable-threads=posix --libdir=/usr/lib --enable-nls --with-sysroot=/ --enable-clocale=gnu --enable-libstdcxx-debug --enable-libstdcxx-time=yes --with-default-libstdcxx-abi=new --enable-gnu-unique-object --disable-vtable-verify --enable-libmpx --enable-plugin --with-system-zlib --disable-browser-plugin --enable-java-awt=gtk --enable-gtk-cairo --with-java-home=/usr/lib/jvm/java-1.5.0-gcj-5-amd64/jre --enable-java-home --with-jvm-root-dir=/usr/lib/jvm/java-1.5.0-gcj-5-amd64 --with-jvm-jar-dir=/usr/lib/jvm-exports/java-1.5.0-gcj-5-amd64 --with-arch-directory=amd64 --with-ecj-jar=/usr/share/java/eclipse-ecj.jar --enable-objc-gc --enable-multiarch --disable-werror --with-arch-32=i686 --with-abi=m64 --with-multilib-list=m32,m64,mx32 --enable-multilib --with-tune=generic --enable-checking=release --build=x86_64-linux-gnu --host=x86_64-linux-gnu --target=x86_64-linux-gnu
Thread model: posix
gcc version 5.4.0 20160609 (Ubuntu 5.4.0-6ubuntu1~16.04.12) 
configure:5189: $? = 0
configure:5178: gcc -V >&5
gcc: error: unrecognized command line option '-V'
gcc: fatal error: no input files
compilation terminated.
configure:5189: $? = 1
configure:5178: gcc -qversion >&5
gcc: error: unrecognized command line option '-qversion'
gcc: fatal error: no input files
compilation terminated.
configure:5189: $? = 1
configure:5193: checking whether we are using the GNU C compiler
configure:5221: result: yes
configure:5230: checking whether gcc accepts -g
configure:5291: result: yes
configure:5308: checking for gcc option to accept ISO C89
configure:5385: result: none needed
configure:5407: checking dependency style of gcc
configure:5517: result: gcc3
configure:5541: checking for bison
configure:5571: result: no
configure:5541: checking for byacc
configure:5571: result: no
configure:5585: checking how to run the C preprocessor
configure:5616: gcc -E  conftest.c
configure:5616: $? = 0
configure:5630: gcc -E  conftest.c
conftest.c:9:28: fatal error: ac_nonexistent.h: No such file or directory
compilation terminated.
configure:5630: $? = 1
configure: failed program was:
| /* confdefs.h */
| #define PACKAGE_NAME "sphinxbase"
| #define PACKAGE_TARNAME "sphinxbase"
| #define PACKAGE_VERSION "0.6.1"
| #define PACKAGE_STRING "sphinxbase 0.6.1"
| #define PACKAGE_BUGREPORT ""
| #define PACKAGE_URL ""
| /* end confdefs.h.  */
| #include <ac_nonexistent.h>
configure:5655: result: gcc -E
configure:5675: gcc -E  conftest.c
configure:5675: $? = 0
configure:5689: gcc -E  conftest.c
conftest.c:9:28: fatal error: ac_nonexistent.h: No such file or directory
compilation terminated.
configure:5689: $? = 1
configure: failed program was:
| /* confdefs.h */
| #define PACKAGE_NAME "sphinxbase"
| #define PACKAGE_TARNAME "sphinxbase"
| #define PACKAGE_VERSION "0.6.1"
| #define PACKAGE_STRING "sphinxbase 0.6.1"
| #define PACKAGE_BUGREPORT ""
| #define PACKAGE_URL ""
| /* end confdefs.h.  */
| #include <ac_nonexistent.h>
configure:5718: checking for grep that handles long lines and -e
configure:5776: result: /bin/grep
configure:5781: checking for egrep
configure:5843: result: /bin/grep -E
configure:5848: checking for ANSI C header files
configure:5868: gcc -c -g -O2 -Wall  conftest.c >&5
configure:5868: $? = 0
configure:5941: gcc -o conftest -g -O2 -Wall   conftest.c  >&5
configure:5941: $? = 0
configure:5941: ./conftest
configure:5941: $? = 0
configure:5952: result: yes
configure:5965: checking for sys/types.h
configure:5965: gcc -c -g -O2 -Wall  conftest.c >&5
configure:5965: $? = 0
configure:5965: result: yes
configure:5965: checking for sys/stat.h
configure:5965: gcc -c -g -O2 -Wall  conftest.c >&5
configure:5965: $? = 0
configure:5965: result: yes
configure:5965: checking for stdlib.h
configure:5965: gcc -c -g -O2 -Wall  conftest.c >&5
configure:5965: $? = 0
configure:5965: result: yes
configure:5965: checking for string.h
configure:5965: gcc -c -g -O2 -Wall  conftest.c >&5
configure:5965: $? = 0
configure:5965: result: yes
configure:5965: checking for memory.h
configure:5965: gcc -c -g -O2 -Wall  conftest.c >&5
configure:5965: $? = 0
configure:5965: result: yes
configure:5965: checking for strings.h
configure:5965: gcc -c -g -O2 -Wall  conftest.c >&5
configure:5965: $? = 0
configure:5965: result: yes
configure:5965: checking for inttypes.h
configure:5965: gcc -c -g -O2 -Wall  conftest.c >&5
configure:5965: $? = 0
configure:5965: result: yes
configure:5965: checking for stdint.h
configure:5965: gcc -c -g -O2 -Wall  conftest.c >&5
configure:5965: $? = 0
configure:5965: result: yes
configure:5965: checking for unistd.h
configure:5965: gcc -c -g -O2 -Wall  conftest.c >&5
configure:5965: $? = 0
configure:5965: result: yes
configure:5978: checking whether byte ordering is bigendian
configure:5993: gcc -c -g -O2 -Wall  conftest.c >&5
conftest.c:20:9: error: unknown type name 'not'
         not a universal capable compiler
         ^
conftest.c:20:15: error: expected '=', ',', ';', 'asm' or '__attribute__' before 'universal'
         not a universal capable compiler
               ^
conftest.c:20:15: error: unknown type name 'universal'
configure:5993: $? = 1
configure: failed program was:
| /* confdefs.h */
| #define PACKAGE_NAME "sphinxbase"
| #define PACKAGE_TARNAME "sphinxbase"
| #define PACKAGE_VERSION "0.6.1"
| #define PACKAGE_STRING "sphinxbase 0.6.1"
| #define PACKAGE_BUGREPORT ""
| #define PACKAGE_URL ""
| #define STDC_HEADERS 1
| #define HAVE_SYS_TYPES_H 1
| #define HAVE_SYS_STAT_H 1
| #define HAVE_STDLIB_H 1
| #define HAVE_STRING_H 1
| #define HAVE_MEMORY_H 1
| #define HAVE_STRINGS_H 1
| #define HAVE_INTTYPES_H 1
| #define HAVE_STDINT_H 1
| #define HAVE_UNISTD_H 1
| /* end confdefs.h.  */
| #ifndef __APPLE_CC__
| 	       not a universal capable compiler
| 	     #endif
| 	     typedef int dummy;
| 
configure:6038: gcc -c -g -O2 -Wall  conftest.c >&5
configure:6038: $? = 0
configure:6056: gcc -c -g -O2 -Wall  conftest.c >&5
conftest.c: In function 'main':
conftest.c:26:4: error: unknown type name 'not'
    not big endian
    ^
conftest.c:26:12: error: expected '=', ',', ';', 'asm' or '__attribute__' before 'endian'
    not big endian
            ^
configure:6056: $? = 1
configure: failed program was:
| /* confdefs.h */
| #define PACKAGE_NAME "sphinxbase"
| #define PACKAGE_TARNAME "sphinxbase"
| #define PACKAGE_VERSION "0.6.1"
| #define PACKAGE_STRING "sphinxbase 0.6.1"
| #define PACKAGE_BUGREPORT ""
| #define PACKAGE_URL ""
| #define STDC_HEADERS 1
| #define HAVE_SYS_TYPES_H 1
| #define HAVE_SYS_STAT_H 1
| #define HAVE_STDLIB_H 1
| #define HAVE_STRING_H 1
| #define HAVE_MEMORY_H 1
| #define HAVE_STRINGS_H 1
| #define HAVE_INTTYPES_H 1
| #define HAVE_STDINT_H 1
| #define HAVE_UNISTD_H 1
| /* end confdefs.h.  */
| #include <sys/types.h>
| 		#include <sys/param.h>
| 
| int
| main ()
| {
| #if BYTE_ORDER != BIG_ENDIAN
| 		 not big endian
| 		#endif
| 
|   ;
|   return 0;
| }
configure:6184: result: no
configure:6202: checking return type of signal handlers
configure:6220: gcc -c -g -O2 -Wall  conftest.c >&5
conftest.c: In function 'main':
conftest.c:25:9: error: void value not ignored as it ought to be
 return *(signal (0, 0)) (0) == 1;
         ^
configure:6220: $? = 1
configure: failed program was:
| /* confdefs.h */
| #define PACKAGE_NAME "sphinxbase"
| #define PACKAGE_TARNAME "sphinxbase"
| #define PACKAGE_VERSION "0.6.1"
| #define PACKAGE_STRING "sphinxbase 0.6.1"
| #define PACKAGE_BUGREPORT ""
| #define PACKAGE_URL ""
| #define STDC_HEADERS 1
| #define HAVE_SYS_TYPES_H 1
| #define HAVE_SYS_STAT_H 1
| #define HAVE_STDLIB_H 1
| #define HAVE_STRING_H 1
| #define HAVE_MEMORY_H 1
| #define HAVE_STRINGS_H 1
| #define HAVE_INTTYPES_H 1
| #define HAVE_STDINT_H 1
| #define HAVE_UNISTD_H 1
| /* end confdefs.h.  */
| #include <sys/types.h>
| #include <signal.h>
| 
| int
| main ()
| {
| return *(signal (0, 0)) (0) == 1;
|   ;
|   return 0;
| }
configure:6227: result: void
configure:6235: checking for long long
configure:6235: gcc -c -g -O2 -Wall  conftest.c >&5
configure:6235: $? = 0
configure:6235: gcc -c -g -O2 -Wall  conftest.c >&5
conftest.c: In function 'main':
conftest.c:56:24: error: expected expression before ')' token
 if (sizeof ((long long)))
                        ^
configure:6235: $? = 1
configure: failed program was:
| /* confdefs.h */
| #define PACKAGE_NAME "sphinxbase"
| #define PACKAGE_TARNAME "sphinxbase"
| #define PACKAGE_VERSION "0.6.1"
| #define PACKAGE_STRING "sphinxbase 0.6.1"
| #define PACKAGE_BUGREPORT ""
| #define PACKAGE_URL ""
| #define STDC_HEADERS 1
| #define HAVE_SYS_TYPES_H 1
| #define HAVE_SYS_STAT_H 1
| #define HAVE_STDLIB_H 1
| #define HAVE_STRING_H 1
| #define HAVE_MEMORY_H 1
| #define HAVE_STRINGS_H 1
| #define HAVE_INTTYPES_H 1
| #define HAVE_STDINT_H 1
| #define HAVE_UNISTD_H 1
| #define RETSIGTYPE void
| /* end confdefs.h.  */
| #include <stdio.h>
| #ifdef HAVE_SYS_TYPES_H
| # include <sys/types.h>
| #endif
| #ifdef HAVE_SYS_STAT_H
| # include <sys/stat.h>
| #endif
| #ifdef STDC_HEADERS
| # include <stdlib.h>
| # include <stddef.h>
| #else
| # ifdef HAVE_STDLIB_H
| #  include <stdlib.h>
| # endif
| #endif
| #ifdef HAVE_STRING_H
| # if !defined STDC_HEADERS && defined HAVE_MEMORY_H
| #  include <memory.h>
| # endif
| # include <string.h>
| #endif
| #ifdef HAVE_STRINGS_H
| # include <strings.h>
| #endif
| #ifdef HAVE_INTTYPES_H
| # include <inttypes.h>
| #endif
| #ifdef HAVE_STDINT_H
| # include <stdint.h>
| #endif
| #ifdef HAVE_UNISTD_H
| # include <unistd.h>
| #endif
| int
| main ()
| {
| if (sizeof ((long long)))
| 	    return 0;
|   ;
|   return 0;
| }
configure:6235: result: yes
configure:6249: checking size of long long
configure:6254: gcc -o conftest -g -O2 -Wall   conftest.c  >&5
configure:6254: $? = 0
configure:6254: ./conftest
configure:6254: $? = 0
configure:6269: result: 8
configure:6283: checking size of long
configure:6288: gcc -o conftest -g -O2 -Wall   conftest.c  >&5
configure:6288: $? = 0
configure:6288: ./conftest
configure:6288: $? = 0
configure:6303: result: 8
configure:6316: checking for popen
configure:6316: gcc -o conftest -g -O2 -Wall   conftest.c  >&5
configure:6316: $? = 0
configure:6316: result: yes
configure:6316: checking for perror
configure:6316: gcc -o conftest -g -O2 -Wall   conftest.c  >&5
configure:6316: $? = 0
configure:6316: result: yes
configure:6316: checking for snprintf
configure:6316: gcc -o conftest -g -O2 -Wall   conftest.c  >&5
conftest.c:48:6: warning: conflicting types for built-in function 'snprintf'
 char snprintf ();
      ^
configure:6316: $? = 0
configure:6316: result: yes
configure:6326: checking errno.h usability
configure:6326: gcc -c -g -O2 -Wall  conftest.c >&5
configure:6326: $? = 0
configure:6326: result: yes
configure:6326: checking errno.h presence
configure:6326: gcc -E  conftest.c
configure:6326: $? = 0
configure:6326: result: yes
configure:6326: checking for errno.h
configure:6326: result: yes
configure:6372: checking for ld used by GCC
configure:6436: result: /usr/bin/ld
configure:6443: checking if the linker (/usr/bin/ld) is GNU ld
configure:6456: result: yes
configure:6463: checking for shared library run path origin
configure:6476: result: done
configure:6940: checking for iconv
configure:6962: gcc -o conftest -g -O2 -Wall   conftest.c  >&5
configure:6962: $? = 0
configure:6994: result: yes
configure:7015: checking for iconv declaration
configure:7044: gcc -c -g -O2 -Wall  conftest.c >&5
configure:7044: $? = 0
configure:7055: result: install-shextern size_t iconv (iconv_t cd, char * *inbuf, size_t *inbytesleft, char * *outbuf, size_t *outbytesleft);
configure:7079: checking for sgesv_ in -llapack
configure:7104: gcc -o conftest -g -O2 -Wall   conftest.c -llapack   >&5
configure:7104: $? = 0
configure:7113: result: yes
configure:7127: checking for sgemm_ in -lblas
configure:7152: gcc -o conftest -g -O2 -Wall   conftest.c -lblas  -llapack  >&5
configure:7152: $? = 0
configure:7161: result: yes
configure:7196: checking for log in -lm
configure:7221: gcc -o conftest -g -O2 -Wall   conftest.c -lm  -lblas -llapack  >&5
conftest.c:38:6: warning: conflicting types for built-in function 'log'
 char log ();
      ^
configure:7221: $? = 0
configure:7230: result: yes
configure:7261: checking pthread.h usability
configure:7261: gcc -c -g -O2 -Wall  conftest.c >&5
configure:7261: $? = 0
configure:7261: result: yes
configure:7261: checking pthread.h presence
configure:7261: gcc -E  conftest.c
configure:7261: $? = 0
configure:7261: result: yes
configure:7261: checking for pthread.h
configure:7261: result: yes
configure:7271: checking for pthread_create in -lpthread
configure:7296: gcc -o conftest -g -O2 -Wall   conftest.c -lpthread  -lm -lblas -llapack  >&5
configure:7296: $? = 0
configure:7305: result: yes
configure:7397: checking alsa/asoundlib.h usability
configure:7397: gcc -c -g -O2 -Wall  conftest.c >&5
configure:7397: $? = 0
configure:7397: result: yes
configure:7397: checking alsa/asoundlib.h presence
configure:7397: gcc -E  conftest.c
configure:7397: $? = 0
configure:7397: result: yes
configure:7397: checking for alsa/asoundlib.h
configure:7397: result: yes
configure:7405: checking for snd_pcm_open in -lasound
configure:7430: gcc -o conftest -g -O2 -Wall   conftest.c -lasound  -lpthread -lm -lblas -llapack  >&5
configure:7430: $? = 0
configure:7439: result: yes
configure:7535: checking for a sed that does not truncate output
configure:7599: result: /bin/sed
configure:7617: checking for fgrep
configure:7679: result: /bin/grep -F
configure:7714: checking for ld used by gcc
configure:7781: result: /usr/bin/ld
configure:7788: checking if the linker (/usr/bin/ld) is GNU ld
configure:7803: result: yes
configure:7815: checking for BSD- or MS-compatible name lister (nm)
configure:7864: result: /usr/bin/nm -B
configure:7982: checking the name lister (/usr/bin/nm -B) interface
configure:7989: gcc -c -g -O2 -Wall  conftest.c >&5
configure:7992: /usr/bin/nm -B "conftest.o"
configure:7995: output
0000000000000000 B some_variable
configure:8002: result: BSD nm
configure:8005: checking whether ln -s works
configure:8009: result: yes
configure:8017: checking the maximum length of command line arguments
configure:8137: result: 1572864
configure:8154: checking whether the shell understands some XSI constructs
configure:8164: result: yes
configure:8168: checking whether the shell understands "+="
configure:8174: result: yes
configure:8209: checking for /usr/bin/ld option to reload object files
configure:8216: result: -r
configure:8285: checking for objdump
configure:8301: found /usr/bin/objdump
configure:8312: result: objdump
configure:8344: checking how to recognize dependent libraries
configure:8540: result: pass_all
configure:8600: checking for ar
configure:8616: found /usr/bin/ar
configure:8627: result: ar
configure:8705: checking for strip
configure:8721: found /usr/bin/strip
configure:8732: result: strip
configure:8804: checking for ranlib
configure:8820: found /usr/bin/ranlib
configure:8831: result: ranlib
configure:8921: checking command to parse /usr/bin/nm -B output from gcc object
configure:9039: gcc -c -g -O2 -Wall  conftest.c >&5
configure:9042: $? = 0
configure:9046: /usr/bin/nm -B conftest.o \| sed -n -e 's/^.*[	 ]\([ABCDGIRSTW][ABCDGIRSTW]*\)[	 ][	 ]*\([_A-Za-z][_A-Za-z0-9]*\)$/\1 \2 \2/p' \> conftest.nm
configure:9049: $? = 0
configure:9103: gcc -o conftest -g -O2 -Wall   conftest.c conftstm.o >&5
configure:9106: $? = 0
configure:9144: result: ok
configure:9239: gcc -c -g -O2 -Wall  conftest.c >&5
configure:9242: $? = 0
configure:9949: checking for dlfcn.h
configure:9949: gcc -c -g -O2 -Wall  conftest.c >&5
configure:9949: $? = 0
configure:9949: result: yes
configure:10133: checking for objdir
configure:10148: result: .libs
configure:10444: checking if gcc supports -fno-rtti -fno-exceptions
configure:10462: gcc -c -g -O2 -Wall  -fno-rtti -fno-exceptions conftest.c >&5
cc1: warning: command line option '-fno-rtti' is valid for C++/ObjC++ but not for C
configure:10466: $? = 0
configure:10479: result: no
configure:10499: checking for gcc option to produce PIC
configure:10771: result: -fPIC -DPIC
configure:10783: checking if gcc PIC flag -fPIC -DPIC works
configure:10801: gcc -c -g -O2 -Wall  -fPIC -DPIC -DPIC conftest.c >&5
configure:10805: $? = 0
configure:10818: result: yes
configure:10842: checking if gcc static flag -static works
configure:10870: result: no
configure:10885: checking if gcc supports -c -o file.o
configure:10906: gcc -c -g -O2 -Wall  -o out/conftest2.o conftest.c >&5
configure:10910: $? = 0
configure:10932: result: yes
configure:10940: checking if gcc supports -c -o file.o
configure:10987: result: yes
configure:11020: checking whether the gcc linker (/usr/bin/ld -m elf_x86_64) supports shared libraries
configure:12006: result: yes
configure:12043: checking whether -lc should be explicitly linked in
configure:12048: gcc -c -g -O2 -Wall  conftest.c >&5
configure:12051: $? = 0
configure:12066: gcc -shared conftest.o  -v -Wl,-soname -Wl,conftest -o conftest 2\>\&1 \| /bin/grep  -lc  \>/dev/null 2\>\&1
configure:12069: $? = 0
configure:12081: result: no
configure:12245: checking dynamic linker characteristics
configure:12678: gcc -o conftest -g -O2 -Wall   -Wl,-rpath -Wl,/foo conftest.c -lasound -lpthread -lm -lblas -llapack  >&5
configure:12678: $? = 0
configure:12899: result: GNU/Linux ld.so
configure:13001: checking how to hardcode library paths into programs
configure:13026: result: immediate
configure:13546: checking whether stripping libraries is possible
configure:13551: result: yes
configure:13586: checking if libtool supports shared libraries
configure:13588: result: yes
configure:13591: checking whether to build shared libraries
configure:13612: result: yes
configure:13615: checking whether to build static libraries
configure:13619: result: yes
configure:13657: checking for doxygen
configure:13685: result: no
configure:13727: checking for python
configure:13745: found /home/wmlab/.conda/envs/python27_CMUSphinx/bin/python
configure:13758: result: /home/wmlab/.conda/envs/python27_CMUSphinx/bin/python
configure:13768: checking for python-config
configure:13786: found /home/wmlab/.conda/envs/python27_CMUSphinx/bin/python-config
configure:13799: result: /home/wmlab/.conda/envs/python27_CMUSphinx/bin/python-config
configure:13811: checking Python.h usability
configure:13811: gcc -c -g -O2 -Wall  -I/home/wmlab/.conda/envs/python27_CMUSphinx/include/python2.7 -I/home/wmlab/.conda/envs/python27_CMUSphinx/include/python2.7 conftest.c >&5
In file included from /home/wmlab/.conda/envs/python27_CMUSphinx/include/python2.7/Python.h:8:0,
                 from conftest.c:72:
/home/wmlab/.conda/envs/python27_CMUSphinx/include/python2.7/pyconfig.h:1223:0: warning: "_POSIX_C_SOURCE" redefined
 #define _POSIX_C_SOURCE 200112L
 ^
In file included from /usr/include/stdio.h:27:0,
                 from conftest.c:39:
/usr/include/features.h:228:0: note: this is the location of the previous definition
 # define _POSIX_C_SOURCE 200809L
 ^
configure:13811: $? = 0
configure:13811: result: yes
configure:13811: checking Python.h presence
configure:13811: gcc -E  -I/home/wmlab/.conda/envs/python27_CMUSphinx/include/python2.7 -I/home/wmlab/.conda/envs/python27_CMUSphinx/include/python2.7 conftest.c
configure:13811: $? = 0
configure:13811: result: yes
configure:13811: checking for Python.h
configure:13811: result: yes
configure:13840: checking for cython
configure:13868: result: no
configure:14044: creating ./config.status

## ---------------------- ##
## Running config.status. ##
## ---------------------- ##

This file was extended by sphinxbase config.status 0.6.1, which was
generated by GNU Autoconf 2.65.  Invocation command line was

  CONFIG_FILES    = 
  CONFIG_HEADERS  = 
  CONFIG_LINKS    = 
  CONFIG_COMMANDS = 
  $ ./config.status 

on wmlab-317server

config.status:1142: creating sphinxbase.pc
config.status:1142: creating Makefile
config.status:1142: creating include/Makefile
config.status:1142: creating python/Makefile
config.status:1142: creating python/setup.py
config.status:1142: creating src/Makefile
config.status:1142: creating src/libsphinxad/Makefile
config.status:1142: creating src/libsphinxbase/Makefile
config.status:1142: creating src/libsphinxbase/util/Makefile
config.status:1142: creating src/libsphinxbase/feat/Makefile
config.status:1142: creating src/libsphinxbase/fe/Makefile
config.status:1142: creating src/libsphinxbase/lm/Makefile
config.status:1142: creating src/sphinx_fe/Makefile
config.status:1142: creating src/sphinx_cepview/Makefile
config.status:1142: creating src/sphinx_jsgf2fsg/Makefile
config.status:1142: creating src/sphinx_adtools/Makefile
config.status:1142: creating src/sphinx_lmtools/Makefile
config.status:1142: creating doc/Makefile
config.status:1142: creating doc/doxyfile
config.status:1142: creating test/Makefile
config.status:1142: creating test/unit/testfuncs.sh
config.status:1142: creating test/unit/Makefile
config.status:1142: creating test/unit/test_ad/Makefile
config.status:1142: creating test/unit/test_alloc/Makefile
config.status:1142: creating test/unit/test_bitvec/Makefile
config.status:1142: creating test/unit/test_case/Makefile
config.status:1142: creating test/unit/test_string/Makefile
config.status:1142: creating test/unit/test_cmdln/Makefile
config.status:1142: creating test/unit/test_hash/Makefile
config.status:1142: creating test/unit/test_matrix/Makefile
config.status:1142: creating test/unit/test_feat/Makefile
config.status:1142: creating test/unit/test_fe/Makefile
config.status:1142: creating test/unit/test_logmath/Makefile
config.status:1142: creating test/unit/test_ngram/Makefile
config.status:1142: creating test/unit/test_fsg/Makefile
config.status:1142: creating test/unit/test_thread/Makefile
config.status:1142: creating test/unit/test_util/Makefile
config.status:1142: creating test/regression/testfuncs.sh
config.status:1142: creating test/regression/Makefile
config.status:1142: creating include/config.h
config.status:1314: include/config.h is unchanged
config.status:1142: creating include/sphinx_config.h
config.status:1314: include/sphinx_config.h is unchanged
config.status:1362: executing depfiles commands
config.status:1362: executing libtool commands

## ---------------- ##
## Cache variables. ##
## ---------------- ##

ac_cv_build=x86_64-unknown-linux-gnu
ac_cv_c_bigendian=no
ac_cv_c_compiler_gnu=yes
ac_cv_env_CC_set=
ac_cv_env_CC_value=
ac_cv_env_CFLAGS_set=
ac_cv_env_CFLAGS_value=
ac_cv_env_CPPFLAGS_set=
ac_cv_env_CPPFLAGS_value=
ac_cv_env_CPP_set=
ac_cv_env_CPP_value=
ac_cv_env_LDFLAGS_set=
ac_cv_env_LDFLAGS_value=
ac_cv_env_LIBS_set=
ac_cv_env_LIBS_value=
ac_cv_env_YACC_set=
ac_cv_env_YACC_value=
ac_cv_env_YFLAGS_set=
ac_cv_env_YFLAGS_value=
ac_cv_env_build_alias_set=
ac_cv_env_build_alias_value=
ac_cv_env_host_alias_set=
ac_cv_env_host_alias_value=
ac_cv_env_target_alias_set=
ac_cv_env_target_alias_value=
ac_cv_func_perror=yes
ac_cv_func_popen=yes
ac_cv_func_snprintf=yes
ac_cv_header_Python_h=yes
ac_cv_header_alsa_asoundlib_h=yes
ac_cv_header_dlfcn_h=yes
ac_cv_header_errno_h=yes
ac_cv_header_inttypes_h=yes
ac_cv_header_memory_h=yes
ac_cv_header_pthread_h=yes
ac_cv_header_stdc=yes
ac_cv_header_stdint_h=yes
ac_cv_header_stdlib_h=yes
ac_cv_header_string_h=yes
ac_cv_header_strings_h=yes
ac_cv_header_sys_stat_h=yes
ac_cv_header_sys_types_h=yes
ac_cv_header_unistd_h=yes
ac_cv_host=x86_64-unknown-linux-gnu
ac_cv_lib_asound_snd_pcm_open=yes
ac_cv_lib_blas_sgemm_=yes
ac_cv_lib_lapack_sgesv_=yes
ac_cv_lib_m_log=yes
ac_cv_lib_pthread_pthread_create=yes
ac_cv_objext=o
ac_cv_path_EGREP='/bin/grep -E'
ac_cv_path_FGREP='/bin/grep -F'
ac_cv_path_GREP=/bin/grep
ac_cv_path_PYTHON=/home/wmlab/.conda/envs/python27_CMUSphinx/bin/python
ac_cv_path_PYTHON_CONFIG=/home/wmlab/.conda/envs/python27_CMUSphinx/bin/python-config
ac_cv_path_SED=/bin/sed
ac_cv_path_install='/usr/bin/install -c'
ac_cv_path_mkdir=/bin/mkdir
ac_cv_prog_AWK=mawk
ac_cv_prog_CPP='gcc -E'
ac_cv_prog_HAVE_CYTHON=no
ac_cv_prog_HAVE_DOXYGEN=no
ac_cv_prog_ac_ct_AR=ar
ac_cv_prog_ac_ct_CC=gcc
ac_cv_prog_ac_ct_OBJDUMP=objdump
ac_cv_prog_ac_ct_RANLIB=ranlib
ac_cv_prog_ac_ct_STRIP=strip
ac_cv_prog_cc_c89=
ac_cv_prog_cc_g=yes
ac_cv_prog_make_make_set=yes
ac_cv_search_strerror='none required'
ac_cv_sizeof_long=8
ac_cv_sizeof_long_long=8
ac_cv_type_long_long=yes
ac_cv_type_signal=void
acl_cv_hardcode_direct=no
acl_cv_hardcode_libdir_flag_spec='${wl}-rpath ${wl}$libdir'
acl_cv_hardcode_libdir_separator=
acl_cv_hardcode_minus_L=no
acl_cv_libext=a
acl_cv_path_LD=/usr/bin/ld
acl_cv_prog_gnu_ld=yes
acl_cv_rpath=done
acl_cv_shlibext=so
acl_cv_wl=-Wl,
am_cv_CC_dependencies_compiler_type=gcc3
am_cv_func_iconv=yes
am_cv_lib_iconv=no
am_cv_prog_cc_stdc=
am_cv_proto_iconv='extern size_t iconv (iconv_t cd, char * *inbuf, size_t *inbytesleft, char * *outbuf, size_t *outbytesleft);'
am_cv_proto_iconv_arg1=
lt_cv_deplibs_check_method=pass_all
lt_cv_file_magic_cmd='$MAGIC_CMD'
lt_cv_file_magic_test_file=
lt_cv_ld_reload_flag=-r
lt_cv_nm_interface='BSD nm'
lt_cv_objdir=.libs
lt_cv_path_LD=/usr/bin/ld
lt_cv_path_NM='/usr/bin/nm -B'
lt_cv_prog_compiler_c_o=yes
lt_cv_prog_compiler_pic_works=yes
lt_cv_prog_compiler_rtti_exceptions=no
lt_cv_prog_compiler_static_works=no
lt_cv_prog_gnu_ld=yes
lt_cv_sys_global_symbol_pipe='sed -n -e '\''s/^.*[	 ]\([ABCDGIRSTW][ABCDGIRSTW]*\)[	 ][	 ]*\([_A-Za-z][_A-Za-z0-9]*\)$/\1 \2 \2/p'\'''
lt_cv_sys_global_symbol_to_c_name_address='sed -n -e '\''s/^: \([^ ]*\) $/  {\"\1\", (void *) 0},/p'\'' -e '\''s/^[ABCDGIRSTW]* \([^ ]*\) \([^ ]*\)$/  {"\2", (void *) \&\2},/p'\'''
lt_cv_sys_global_symbol_to_c_name_address_lib_prefix='sed -n -e '\''s/^: \([^ ]*\) $/  {\"\1\", (void *) 0},/p'\'' -e '\''s/^[ABCDGIRSTW]* \([^ ]*\) \(lib[^ ]*\)$/  {"\2", (void *) \&\2},/p'\'' -e '\''s/^[ABCDGIRSTW]* \([^ ]*\) \([^ ]*\)$/  {"lib\2", (void *) \&\2},/p'\'''
lt_cv_sys_global_symbol_to_cdecl='sed -n -e '\''s/^T .* \(.*\)$/extern int \1();/p'\'' -e '\''s/^[ABCDGIRSTW]* .* \(.*\)$/extern char \1;/p'\'''
lt_cv_sys_max_cmd_len=1572864

## ----------------- ##
## Output variables. ##
## ----------------- ##

ACLOCAL='${SHELL} /home/wmlab/CMU_try/sphinxbase-0.6.1/missing --run aclocal-1.11'
AMDEPBACKSLASH='\'
AMDEP_FALSE='#'
AMDEP_TRUE=''
AMTAR='${SHELL} /home/wmlab/CMU_try/sphinxbase-0.6.1/missing --run tar'
AR='ar'
AUTOCONF='${SHELL} /home/wmlab/CMU_try/sphinxbase-0.6.1/missing --run autoconf'
AUTOHEADER='${SHELL} /home/wmlab/CMU_try/sphinxbase-0.6.1/missing --run autoheader'
AUTOMAKE='${SHELL} /home/wmlab/CMU_try/sphinxbase-0.6.1/missing --run automake-1.11'
AWK='mawk'
BUILD_CYTHON_FALSE=''
BUILD_CYTHON_TRUE='#'
BUILD_DOXYGEN_FALSE=''
BUILD_DOXYGEN_TRUE='#'
BUILD_PYTHON_FALSE='#'
BUILD_PYTHON_TRUE=''
CC='gcc'
CCDEPMODE='depmode=gcc3'
CFLAGS='-g -O2 -Wall'
CPP='gcc -E'
CPPFLAGS=' -I/home/wmlab/.conda/envs/python27_CMUSphinx/include/python2.7 -I/home/wmlab/.conda/envs/python27_CMUSphinx/include/python2.7'
CYGPATH_W='echo'
DEFS='-DHAVE_CONFIG_H'
DEPDIR='.deps'
DSYMUTIL=''
DUMPBIN=''
ECHO_C=''
ECHO_N='-n'
ECHO_T=''
EGREP='/bin/grep -E'
EXEEXT=''
FGREP='/bin/grep -F'
FIXED_POINT_FALSE=''
FIXED_POINT_TRUE='#'
GREP='/bin/grep'
HAVE_CYTHON='no'
HAVE_DOXYGEN='no'
INSTALL_DATA='${INSTALL} -m 644'
INSTALL_PROGRAM='${INSTALL}'
INSTALL_SCRIPT='${INSTALL}'
INSTALL_STRIP_PROGRAM='$(install_sh) -c -s'
LAPACK_LITE_FALSE=''
LAPACK_LITE_TRUE='#'
LD='/usr/bin/ld -m elf_x86_64'
LDFLAGS=''
LIBICONV=''
LIBOBJS=''
LIBS='-lasound -lpthread -lm -lblas -llapack '
LIBTOOL='$(SHELL) $(top_builddir)/libtool'
LIPO=''
LN_S='ln -s'
LTLIBICONV=''
LTLIBOBJS=''
MAKEINFO='${SHELL} /home/wmlab/CMU_try/sphinxbase-0.6.1/missing --run makeinfo'
MKDIR_P='/bin/mkdir -p'
NM='/usr/bin/nm -B'
NMEDIT=''
OBJDUMP='objdump'
OBJEXT='o'
OTOOL64=''
OTOOL=''
PACKAGE='sphinxbase'
PACKAGE_BUGREPORT=''
PACKAGE_NAME='sphinxbase'
PACKAGE_STRING='sphinxbase 0.6.1'
PACKAGE_TARNAME='sphinxbase'
PACKAGE_URL=''
PACKAGE_VERSION='0.6.1'
PATH_SEPARATOR=':'
PYTHON='/home/wmlab/.conda/envs/python27_CMUSphinx/bin/python'
PYTHON_CONFIG='/home/wmlab/.conda/envs/python27_CMUSphinx/bin/python-config'
RANLIB='ranlib'
SED='/bin/sed'
SET_MAKE=''
SHELL='/bin/bash'
STRIP='strip'
USE_LAPACK_FALSE='#'
USE_LAPACK_TRUE=''
USE_THREADS_FALSE='#'
USE_THREADS_TRUE=''
VERSION='0.6.1'
YACC='yacc'
YFLAGS=''
ac_ct_CC='gcc'
ac_ct_DUMPBIN=''
ad_backend='AD_BACKEND_ALSA'
ad_files='ad_alsa.lo'
ad_libs=''
am__EXEEXT_FALSE=''
am__EXEEXT_TRUE='#'
am__fastdepCC_FALSE='#'
am__fastdepCC_TRUE=''
am__include='include'
am__isrc=''
am__leading_dot='.'
am__quote=''
am__tar='${AMTAR} chof - "$$tardir"'
am__untar='${AMTAR} xf -'
bindir='${exec_prefix}/bin'
build='x86_64-unknown-linux-gnu'
build_alias=''
build_cpu='x86_64'
build_os='linux-gnu'
build_vendor='unknown'
datadir='${datarootdir}'
datarootdir='${prefix}/share'
docdir='${datarootdir}/doc/${PACKAGE_TARNAME}'
dvidir='${docdir}'
exec_prefix='${prefix}'
host='x86_64-unknown-linux-gnu'
host_alias=''
host_cpu='x86_64'
host_os='linux-gnu'
host_vendor='unknown'
htmldir='${docdir}'
includedir='${prefix}/include'
infodir='${datarootdir}/info'
install_sh='${SHELL} /home/wmlab/CMU_try/sphinxbase-0.6.1/install-sh'
libdir='${exec_prefix}/lib'
libexecdir='${exec_prefix}/libexec'
localedir='${datarootdir}/locale'
localstatedir='${prefix}/var'
lt_ECHO='echo'
mandir='${datarootdir}/man'
mkdir_p='/bin/mkdir -p'
oldincludedir='/usr/include'
pdfdir='${docdir}'
prefix='/home/wmlab/.conda/envs/python27_CMUSphinx'
program_transform_name='s,x,x,'
psdir='${docdir}'
sbindir='${exec_prefix}/sbin'
sharedstatedir='${prefix}/com'
sysconfdir='${prefix}/etc'
target_alias=''

## ----------- ##
## confdefs.h. ##
## ----------- ##

/* confdefs.h */
#define PACKAGE_NAME "sphinxbase"
#define PACKAGE_TARNAME "sphinxbase"
#define PACKAGE_VERSION "0.6.1"
#define PACKAGE_STRING "sphinxbase 0.6.1"
#define PACKAGE_BUGREPORT ""
#define PACKAGE_URL ""
#define STDC_HEADERS 1
#define HAVE_SYS_TYPES_H 1
#define HAVE_SYS_STAT_H 1
#define HAVE_STDLIB_H 1
#define HAVE_STRING_H 1
#define HAVE_MEMORY_H 1
#define HAVE_STRINGS_H 1
#define HAVE_INTTYPES_H 1
#define HAVE_STDINT_H 1
#define HAVE_UNISTD_H 1
#define RETSIGTYPE void
#define HAVE_LONG_LONG 1
#define SIZEOF_LONG_LONG 8
#define SIZEOF_LONG 8
#define HAVE_POPEN 1
#define HAVE_PERROR 1
#define HAVE_SNPRINTF 1
#define HAVE_ICONV 1
#define ICONV_CONST 
#define HAVE_LIBLAPACK 1
#define HAVE_LIBBLAS 1
#define WITH_LAPACK /**/
#define HAVE_LIBM 1
#define HAVE_PTHREAD_H 1
#define HAVE_LIBPTHREAD 1
#define ENABLE_THREADS /**/
#define AD_BACKEND_ALSA /**/
#define HAVE_LIBASOUND 1
#define HAVE_DLFCN_H 1
#define LT_OBJDIR ".libs/"

configure: exit 0

## ---------------------- ##
## Running config.status. ##
## ---------------------- ##

This file was extended by sphinxbase config.status 0.6.1, which was
generated by GNU Autoconf 2.65.  Invocation command line was

  CONFIG_FILES    = 
  CONFIG_HEADERS  = 
  CONFIG_LINKS    = 
  CONFIG_COMMANDS = 
  $ ./config.status sphinxbase.pc

on wmlab-317server

config.status:1142: creating sphinxbase.pc
