This file contains any messages produced by compilers while
running configure, to aid debugging if configure makes a mistake.

It was created by pocketsphinx configure 0.6.1, which was
generated by GNU Autoconf 2.65.  Invocation command line was

  $ ./configure --prefix=/home/wmlab/.conda/envs/python27_CMUSphinx/

## --------- ##
## Platform. ##
## --------- ##

hostname = wmlab-317server
uname -m = x86_64
uname -r = 4.15.0-66-generic
uname -s = Linux
uname -v = #75~16.04.1-Ubuntu SMP Tue Oct 1 14:01:08 UTC 2019

/usr/bin/uname -p = unknown
/bin/uname -X     = unknown

/bin/arch              = unknown
/usr/bin/arch -k       = unknown
/usr/convex/getsysinfo = unknown
/usr/bin/hostinfo      = unknown
/bin/machine           = unknown
/usr/bin/oslevel       = unknown
/bin/universe          = unknown

PATH: /home/wmlab/.conda/envs/python27_CMUSphinx/bin
PATH: /home/wmlab/anaconda3/condabin
PATH: /home/wmlab/bin
PATH: /home/wmlab/.local/bin
PATH: /usr/local/sbin
PATH: /usr/local/bin
PATH: /usr/sbin
PATH: /usr/bin
PATH: /sbin
PATH: /bin
PATH: /usr/games
PATH: /usr/local/games
PATH: /snap/bin


## ----------- ##
## Core tests. ##
## ----------- ##

configure:2614: checking for a BSD-compatible install
configure:2682: result: /usr/bin/install -c
configure:2693: checking whether build environment is sane
configure:2743: result: yes
configure:2884: checking for a thread-safe mkdir -p
configure:2923: result: /bin/mkdir -p
configure:2936: checking for gawk
configure:2966: result: no
configure:2936: checking for mawk
configure:2952: found /usr/bin/mawk
configure:2963: result: mawk
configure:2974: checking whether make sets $(MAKE)
configure:2996: result: yes
configure:3076: checking build system type
configure:3090: result: x86_64-unknown-linux-gnu
configure:3110: checking host system type
configure:3123: result: x86_64-unknown-linux-gnu
configure:3209: checking for gcc
configure:3225: found /usr/bin/gcc
configure:3236: result: gcc
configure:3465: checking for C compiler version
configure:3474: gcc --version >&5
gcc (Ubuntu 5.4.0-6ubuntu1~16.04.12) 5.4.0 20160609
Copyright (C) 2015 Free Software Foundation, Inc.
This is free software; see the source for copying conditions.  There is NO
warranty; not even for MERCHANTABILITY or FITNESS FOR A PARTICULAR PURPOSE.

configure:3485: $? = 0
configure:3474: gcc -v >&5
Using built-in specs.
COLLECT_GCC=gcc
COLLECT_LTO_WRAPPER=/usr/lib/gcc/x86_64-linux-gnu/5/lto-wrapper
Target: x86_64-linux-gnu
Configured with: ../src/configure -v --with-pkgversion='Ubuntu 5.4.0-6ubuntu1~16.04.12' --with-bugurl=file:///usr/share/doc/gcc-5/README.Bugs --enable-languages=c,ada,c++,java,go,d,fortran,objc,obj-c++ --prefix=/usr --program-suffix=-5 --enable-shared --enable-linker-build-id --libexecdir=/usr/lib --without-included-gettext --enable-threads=posix --libdir=/usr/lib --enable-nls --with-sysroot=/ --enable-clocale=gnu --enable-libstdcxx-debug --enable-libstdcxx-time=yes --with-default-libstdcxx-abi=new --enable-gnu-unique-object --disable-vtable-verify --enable-libmpx --enable-plugin --with-system-zlib --disable-browser-plugin --enable-java-awt=gtk --enable-gtk-cairo --with-java-home=/usr/lib/jvm/java-1.5.0-gcj-5-amd64/jre --enable-java-home --with-jvm-root-dir=/usr/lib/jvm/java-1.5.0-gcj-5-amd64 --with-jvm-jar-dir=/usr/lib/jvm-exports/java-1.5.0-gcj-5-amd64 --with-arch-directory=amd64 --with-ecj-jar=/usr/share/java/eclipse-ecj.jar --enable-objc-gc --enable-multiarch --disable-werror --with-arch-32=i686 --with-abi=m64 --with-multilib-list=m32,m64,mx32 --enable-multilib --with-tune=generic --enable-checking=release --build=x86_64-linux-gnu --host=x86_64-linux-gnu --target=x86_64-linux-gnu
Thread model: posix
gcc version 5.4.0 20160609 (Ubuntu 5.4.0-6ubuntu1~16.04.12) 
configure:3485: $? = 0
configure:3474: gcc -V >&5
gcc: error: unrecognized command line option '-V'
gcc: fatal error: no input files
compilation terminated.
configure:3485: $? = 1
configure:3474: gcc -qversion >&5
gcc: error: unrecognized command line option '-qversion'
gcc: fatal error: no input files
compilation terminated.
configure:3485: $? = 1
configure:3505: checking whether the C compiler works
configure:3527: gcc -g -O2 -Wall   conftest.c  >&5
configure:3531: $? = 0
configure:3580: result: yes
configure:3583: checking for C compiler default output file name
configure:3585: result: a.out
configure:3591: checking for suffix of executables
configure:3598: gcc -o conftest -g -O2 -Wall   conftest.c  >&5
configure:3602: $? = 0
configure:3624: result: 
configure:3646: checking whether we are cross compiling
configure:3654: gcc -o conftest -g -O2 -Wall   conftest.c  >&5
configure:3658: $? = 0
configure:3665: ./conftest
configure:3669: $? = 0
configure:3684: result: no
configure:3689: checking for suffix of object files
configure:3711: gcc -c -g -O2 -Wall  conftest.c >&5
configure:3715: $? = 0
configure:3736: result: o
configure:3740: checking whether we are using the GNU C compiler
configure:3759: gcc -c -g -O2 -Wall  conftest.c >&5
configure:3759: $? = 0
configure:3768: result: yes
configure:3777: checking whether gcc accepts -g
configure:3797: gcc -c -g  conftest.c >&5
configure:3797: $? = 0
configure:3838: result: yes
configure:3855: checking for gcc option to accept ISO C89
configure:3919: gcc  -c -g -O2 -Wall  conftest.c >&5
configure:3919: $? = 0
configure:3932: result: none needed
configure:3963: checking for style of include used by make
configure:3991: result: GNU
configure:4016: checking dependency style of gcc
configure:4126: result: gcc3
configure:4166: checking for a sed that does not truncate output
configure:4230: result: /bin/sed
configure:4248: checking for grep that handles long lines and -e
configure:4306: result: /bin/grep
configure:4311: checking for egrep
configure:4373: result: /bin/grep -E
configure:4378: checking for fgrep
configure:4440: result: /bin/grep -F
configure:4475: checking for ld used by gcc
configure:4542: result: /usr/bin/ld
configure:4549: checking if the linker (/usr/bin/ld) is GNU ld
configure:4564: result: yes
configure:4576: checking for BSD- or MS-compatible name lister (nm)
configure:4625: result: /usr/bin/nm -B
configure:4743: checking the name lister (/usr/bin/nm -B) interface
configure:4750: gcc -c -g -O2 -Wall  conftest.c >&5
configure:4753: /usr/bin/nm -B "conftest.o"
configure:4756: output
0000000000000000 B some_variable
configure:4763: result: BSD nm
configure:4766: checking whether ln -s works
configure:4770: result: yes
configure:4778: checking the maximum length of command line arguments
configure:4898: result: 1572864
configure:4915: checking whether the shell understands some XSI constructs
configure:4925: result: yes
configure:4929: checking whether the shell understands "+="
configure:4935: result: yes
configure:4970: checking for /usr/bin/ld option to reload object files
configure:4977: result: -r
configure:5046: checking for objdump
configure:5062: found /usr/bin/objdump
configure:5073: result: objdump
configure:5105: checking how to recognize dependent libraries
configure:5301: result: pass_all
configure:5361: checking for ar
configure:5377: found /usr/bin/ar
configure:5388: result: ar
configure:5466: checking for strip
configure:5482: found /usr/bin/strip
configure:5493: result: strip
configure:5565: checking for ranlib
configure:5581: found /usr/bin/ranlib
configure:5592: result: ranlib
configure:5682: checking command to parse /usr/bin/nm -B output from gcc object
configure:5800: gcc -c -g -O2 -Wall  conftest.c >&5
configure:5803: $? = 0
configure:5807: /usr/bin/nm -B conftest.o \| sed -n -e 's/^.*[	 ]\([ABCDGIRSTW][ABCDGIRSTW]*\)[	 ][	 ]*\([_A-Za-z][_A-Za-z0-9]*\)$/\1 \2 \2/p' \> conftest.nm
configure:5810: $? = 0
configure:5864: gcc -o conftest -g -O2 -Wall   conftest.c conftstm.o >&5
configure:5867: $? = 0
configure:5905: result: ok
configure:6001: gcc -c -g -O2 -Wall  conftest.c >&5
configure:6004: $? = 0
configure:6714: checking how to run the C preprocessor
configure:6745: gcc -E  conftest.c
configure:6745: $? = 0
configure:6759: gcc -E  conftest.c
conftest.c:9:28: fatal error: ac_nonexistent.h: No such file or directory
compilation terminated.
configure:6759: $? = 1
configure: failed program was:
| /* confdefs.h */
| #define PACKAGE_NAME "pocketsphinx"
| #define PACKAGE_TARNAME "pocketsphinx"
| #define PACKAGE_VERSION "0.6.1"
| #define PACKAGE_STRING "pocketsphinx 0.6.1"
| #define PACKAGE_BUGREPORT ""
| #define PACKAGE_URL ""
| /* end confdefs.h.  */
| #include <ac_nonexistent.h>
configure:6784: result: gcc -E
configure:6804: gcc -E  conftest.c
configure:6804: $? = 0
configure:6818: gcc -E  conftest.c
conftest.c:9:28: fatal error: ac_nonexistent.h: No such file or directory
compilation terminated.
configure:6818: $? = 1
configure: failed program was:
| /* confdefs.h */
| #define PACKAGE_NAME "pocketsphinx"
| #define PACKAGE_TARNAME "pocketsphinx"
| #define PACKAGE_VERSION "0.6.1"
| #define PACKAGE_STRING "pocketsphinx 0.6.1"
| #define PACKAGE_BUGREPORT ""
| #define PACKAGE_URL ""
| /* end confdefs.h.  */
| #include <ac_nonexistent.h>
configure:6847: checking for ANSI C header files
configure:6867: gcc -c -g -O2 -Wall  conftest.c >&5
configure:6867: $? = 0
configure:6940: gcc -o conftest -g -O2 -Wall   conftest.c  >&5
configure:6940: $? = 0
configure:6940: ./conftest
configure:6940: $? = 0
configure:6951: result: yes
configure:6964: checking for sys/types.h
configure:6964: gcc -c -g -O2 -Wall  conftest.c >&5
configure:6964: $? = 0
configure:6964: result: yes
configure:6964: checking for sys/stat.h
configure:6964: gcc -c -g -O2 -Wall  conftest.c >&5
configure:6964: $? = 0
configure:6964: result: yes
configure:6964: checking for stdlib.h
configure:6964: gcc -c -g -O2 -Wall  conftest.c >&5
configure:6964: $? = 0
configure:6964: result: yes
configure:6964: checking for string.h
configure:6964: gcc -c -g -O2 -Wall  conftest.c >&5
configure:6964: $? = 0
configure:6964: result: yes
configure:6964: checking for memory.h
configure:6964: gcc -c -g -O2 -Wall  conftest.c >&5
configure:6964: $? = 0
configure:6964: result: yes
configure:6964: checking for strings.h
configure:6964: gcc -c -g -O2 -Wall  conftest.c >&5
configure:6964: $? = 0
configure:6964: result: yes
configure:6964: checking for inttypes.h
configure:6964: gcc -c -g -O2 -Wall  conftest.c >&5
configure:6964: $? = 0
configure:6964: result: yes
configure:6964: checking for stdint.h
configure:6964: gcc -c -g -O2 -Wall  conftest.c >&5
configure:6964: $? = 0
configure:6964: result: yes
configure:6964: checking for unistd.h
configure:6964: gcc -c -g -O2 -Wall  conftest.c >&5
configure:6964: $? = 0
configure:6964: result: yes
configure:6979: checking for dlfcn.h
configure:6979: gcc -c -g -O2 -Wall  conftest.c >&5
configure:6979: $? = 0
configure:6979: result: yes
configure:7163: checking for objdir
configure:7178: result: .libs
configure:7470: checking if gcc supports -fno-rtti -fno-exceptions
configure:7488: gcc -c -g -O2 -Wall  -fno-rtti -fno-exceptions conftest.c >&5
cc1: warning: command line option '-fno-rtti' is valid for C++/ObjC++ but not for C
configure:7492: $? = 0
configure:7505: result: no
configure:7525: checking for gcc option to produce PIC
configure:7797: result: -fPIC -DPIC
configure:7809: checking if gcc PIC flag -fPIC -DPIC works
configure:7827: gcc -c -g -O2 -Wall  -fPIC -DPIC -DPIC conftest.c >&5
configure:7831: $? = 0
configure:7844: result: yes
configure:7868: checking if gcc static flag -static works
configure:7896: result: yes
configure:7911: checking if gcc supports -c -o file.o
configure:7932: gcc -c -g -O2 -Wall  -o out/conftest2.o conftest.c >&5
configure:7936: $? = 0
configure:7958: result: yes
configure:7966: checking if gcc supports -c -o file.o
configure:8013: result: yes
configure:8046: checking whether the gcc linker (/usr/bin/ld -m elf_x86_64) supports shared libraries
configure:9037: result: yes
configure:9074: checking whether -lc should be explicitly linked in
configure:9079: gcc -c -g -O2 -Wall  conftest.c >&5
configure:9082: $? = 0
configure:9097: gcc -shared conftest.o  -v -Wl,-soname -Wl,conftest -o conftest 2\>\&1 \| /bin/grep  -lc  \>/dev/null 2\>\&1
configure:9100: $? = 0
configure:9112: result: no
configure:9276: checking dynamic linker characteristics
configure:9709: gcc -o conftest -g -O2 -Wall   -Wl,-rpath -Wl,/foo conftest.c  >&5
configure:9709: $? = 0
configure:9939: result: GNU/Linux ld.so
configure:10041: checking how to hardcode library paths into programs
configure:10066: result: immediate
configure:10586: checking whether stripping libraries is possible
configure:10591: result: yes
configure:10626: checking if libtool supports shared libraries
configure:10628: result: yes
configure:10631: checking whether to build shared libraries
configure:10652: result: yes
configure:10655: checking whether to build static libraries
configure:10659: result: yes
configure:10694: checking whether byte ordering is bigendian
configure:10709: gcc -c -g -O2 -Wall  conftest.c >&5
conftest.c:22:9: error: unknown type name 'not'
         not a universal capable compiler
         ^
conftest.c:22:15: error: expected '=', ',', ';', 'asm' or '__attribute__' before 'universal'
         not a universal capable compiler
               ^
conftest.c:22:15: error: unknown type name 'universal'
configure:10709: $? = 1
configure: failed program was:
| /* confdefs.h */
| #define PACKAGE_NAME "pocketsphinx"
| #define PACKAGE_TARNAME "pocketsphinx"
| #define PACKAGE_VERSION "0.6.1"
| #define PACKAGE_STRING "pocketsphinx 0.6.1"
| #define PACKAGE_BUGREPORT ""
| #define PACKAGE_URL ""
| #define STDC_HEADERS 1
| #define HAVE_SYS_TYPES_H 1
| #define HAVE_SYS_STAT_H 1
| #define HAVE_STDLIB_H 1
| #define HAVE_STRING_H 1
| #define HAVE_MEMORY_H 1
| #define HAVE_STRINGS_H 1
| #define HAVE_INTTYPES_H 1
| #define HAVE_STDINT_H 1
| #define HAVE_UNISTD_H 1
| #define HAVE_DLFCN_H 1
| #define LT_OBJDIR ".libs/"
| /* end confdefs.h.  */
| #ifndef __APPLE_CC__
| 	       not a universal capable compiler
| 	     #endif
| 	     typedef int dummy;
| 
configure:10754: gcc -c -g -O2 -Wall  conftest.c >&5
configure:10754: $? = 0
configure:10772: gcc -c -g -O2 -Wall  conftest.c >&5
conftest.c: In function 'main':
conftest.c:28:4: error: unknown type name 'not'
    not big endian
    ^
conftest.c:28:12: error: expected '=', ',', ';', 'asm' or '__attribute__' before 'endian'
    not big endian
            ^
configure:10772: $? = 1
configure: failed program was:
| /* confdefs.h */
| #define PACKAGE_NAME "pocketsphinx"
| #define PACKAGE_TARNAME "pocketsphinx"
| #define PACKAGE_VERSION "0.6.1"
| #define PACKAGE_STRING "pocketsphinx 0.6.1"
| #define PACKAGE_BUGREPORT ""
| #define PACKAGE_URL ""
| #define STDC_HEADERS 1
| #define HAVE_SYS_TYPES_H 1
| #define HAVE_SYS_STAT_H 1
| #define HAVE_STDLIB_H 1
| #define HAVE_STRING_H 1
| #define HAVE_MEMORY_H 1
| #define HAVE_STRINGS_H 1
| #define HAVE_INTTYPES_H 1
| #define HAVE_STDINT_H 1
| #define HAVE_UNISTD_H 1
| #define HAVE_DLFCN_H 1
| #define LT_OBJDIR ".libs/"
| /* end confdefs.h.  */
| #include <sys/types.h>
| 		#include <sys/param.h>
| 
| int
| main ()
| {
| #if BYTE_ORDER != BIG_ENDIAN
| 		 not big endian
| 		#endif
| 
|   ;
|   return 0;
| }
configure:10900: result: no
configure:10918: checking for long long
configure:10918: gcc -c -g -O2 -Wall  conftest.c >&5
configure:10918: $? = 0
configure:10918: gcc -c -g -O2 -Wall  conftest.c >&5
conftest.c: In function 'main':
conftest.c:57:24: error: expected expression before ')' token
 if (sizeof ((long long)))
                        ^
configure:10918: $? = 1
configure: failed program was:
| /* confdefs.h */
| #define PACKAGE_NAME "pocketsphinx"
| #define PACKAGE_TARNAME "pocketsphinx"
| #define PACKAGE_VERSION "0.6.1"
| #define PACKAGE_STRING "pocketsphinx 0.6.1"
| #define PACKAGE_BUGREPORT ""
| #define PACKAGE_URL ""
| #define STDC_HEADERS 1
| #define HAVE_SYS_TYPES_H 1
| #define HAVE_SYS_STAT_H 1
| #define HAVE_STDLIB_H 1
| #define HAVE_STRING_H 1
| #define HAVE_MEMORY_H 1
| #define HAVE_STRINGS_H 1
| #define HAVE_INTTYPES_H 1
| #define HAVE_STDINT_H 1
| #define HAVE_UNISTD_H 1
| #define HAVE_DLFCN_H 1
| #define LT_OBJDIR ".libs/"
| /* end confdefs.h.  */
| #include <stdio.h>
| #ifdef HAVE_SYS_TYPES_H
| # include <sys/types.h>
| #endif
| #ifdef HAVE_SYS_STAT_H
| # include <sys/stat.h>
| #endif
| #ifdef STDC_HEADERS
| # include <stdlib.h>
| # include <stddef.h>
| #else
| # ifdef HAVE_STDLIB_H
| #  include <stdlib.h>
| # endif
| #endif
| #ifdef HAVE_STRING_H
| # if !defined STDC_HEADERS && defined HAVE_MEMORY_H
| #  include <memory.h>
| # endif
| # include <string.h>
| #endif
| #ifdef HAVE_STRINGS_H
| # include <strings.h>
| #endif
| #ifdef HAVE_INTTYPES_H
| # include <inttypes.h>
| #endif
| #ifdef HAVE_STDINT_H
| # include <stdint.h>
| #endif
| #ifdef HAVE_UNISTD_H
| # include <unistd.h>
| #endif
| int
| main ()
| {
| if (sizeof ((long long)))
| 	    return 0;
|   ;
|   return 0;
| }
configure:10918: result: yes
configure:10932: checking size of long long
configure:10937: gcc -o conftest -g -O2 -Wall   conftest.c  >&5
configure:10937: $? = 0
configure:10937: ./conftest
configure:10937: $? = 0
configure:10952: result: 8
configure:10964: checking for dup2
configure:10964: gcc -o conftest -g -O2 -Wall   conftest.c  >&5
configure:10964: $? = 0
configure:10964: result: yes
configure:10976: checking for pkg-config
configure:10992: found /usr/bin/pkg-config
configure:11004: result: yes
configure:11015: checking for doxygen
configure:11043: result: no
configure:11085: checking for python
configure:11103: found /home/wmlab/.conda/envs/python27_CMUSphinx/bin/python
configure:11116: result: /home/wmlab/.conda/envs/python27_CMUSphinx/bin/python
configure:11126: checking for python-config
configure:11144: found /home/wmlab/.conda/envs/python27_CMUSphinx/bin/python-config
configure:11157: result: /home/wmlab/.conda/envs/python27_CMUSphinx/bin/python-config
configure:11169: checking Python.h usability
configure:11169: gcc -c -g -O2 -Wall  -I/home/wmlab/.conda/envs/python27_CMUSphinx/include/python2.7 -I/home/wmlab/.conda/envs/python27_CMUSphinx/include/python2.7 conftest.c >&5
In file included from /home/wmlab/.conda/envs/python27_CMUSphinx/include/python2.7/Python.h:8:0,
                 from conftest.c:57:
/home/wmlab/.conda/envs/python27_CMUSphinx/include/python2.7/pyconfig.h:1223:0: warning: "_POSIX_C_SOURCE" redefined
 #define _POSIX_C_SOURCE 200112L
 ^
In file included from /usr/include/stdio.h:27:0,
                 from conftest.c:24:
/usr/include/features.h:228:0: note: this is the location of the previous definition
 # define _POSIX_C_SOURCE 200809L
 ^
configure:11169: $? = 0
configure:11169: result: yes
configure:11169: checking Python.h presence
configure:11169: gcc -E  -I/home/wmlab/.conda/envs/python27_CMUSphinx/include/python2.7 -I/home/wmlab/.conda/envs/python27_CMUSphinx/include/python2.7 conftest.c
configure:11169: $? = 0
configure:11169: result: yes
configure:11169: checking for Python.h
configure:11169: result: yes
configure:11198: checking for cython
configure:11226: result: no
configure:11294: checking for pkg-config
configure:11312: found /usr/bin/pkg-config
configure:11324: result: /usr/bin/pkg-config
configure:11349: checking pkg-config is at least version 0.9.0
configure:11352: result: yes
configure:11363: checking for GStreamer
configure:11373: $PKG_CONFIG --exists --print-errors "gstreamer-$GST_MAJORMINOR >= 0.10.0
		       gstreamer-base-$GST_MAJORMINOR >= 0.10.0
		       gstreamer-plugins-base-$GST_MAJORMINOR >= 0.10.0"
Package gstreamer-0.10 was not found in the pkg-config search path.
Perhaps you should add the directory containing `gstreamer-0.10.pc'
to the PKG_CONFIG_PATH environment variable
No package 'gstreamer-0.10' found
Package gstreamer-base-0.10 was not found in the pkg-config search path.
Perhaps you should add the directory containing `gstreamer-base-0.10.pc'
to the PKG_CONFIG_PATH environment variable
No package 'gstreamer-base-0.10' found
Package gstreamer-plugins-base-0.10 was not found in the pkg-config search path.
Perhaps you should add the directory containing `gstreamer-plugins-base-0.10.pc'
to the PKG_CONFIG_PATH environment variable
No package 'gstreamer-plugins-base-0.10' found
configure:11378: $? = 1
configure:11397: $PKG_CONFIG --exists --print-errors "gstreamer-$GST_MAJORMINOR >= 0.10.0
		       gstreamer-base-$GST_MAJORMINOR >= 0.10.0
		       gstreamer-plugins-base-$GST_MAJORMINOR >= 0.10.0"
Package gstreamer-0.10 was not found in the pkg-config search path.
Perhaps you should add the directory containing `gstreamer-0.10.pc'
to the PKG_CONFIG_PATH environment variable
No package 'gstreamer-0.10' found
Package gstreamer-base-0.10 was not found in the pkg-config search path.
Perhaps you should add the directory containing `gstreamer-base-0.10.pc'
to the PKG_CONFIG_PATH environment variable
No package 'gstreamer-base-0.10' found
Package gstreamer-plugins-base-0.10 was not found in the pkg-config search path.
Perhaps you should add the directory containing `gstreamer-plugins-base-0.10.pc'
to the PKG_CONFIG_PATH environment variable
No package 'gstreamer-plugins-base-0.10' found
configure:11402: $? = 1
No package 'gstreamer-0.10' found
No package 'gstreamer-base-0.10' found
No package 'gstreamer-plugins-base-0.10' found
configure:11436: result: no
configure:11503: checking for sphinxbase in /home/wmlab/CMU_try/pocketsphinx-0.6.1/../sphinxbase
configure:11511: result: no
configure:11503: checking for sphinxbase in /home/wmlab/CMU_try/pocketsphinx-0.6.1/../sphinxbase-0.6.1
configure:11507: result: yes
configure:11636: checking for /home/wmlab/CMU_try/pocketsphinx-0.6.1/../sphinxbase-0.6.1/include/prim_type.h
configure:11650: result: yes
configure:11665: checking for /home/wmlab/CMU_try/pocketsphinx-0.6.1/../sphinxbase-0.6.1/src/libsphinxbase/libsphinxbase.la
configure:11679: result: yes
configure:11872: creating ./config.status

## ---------------------- ##
## Running config.status. ##
## ---------------------- ##

This file was extended by pocketsphinx config.status 0.6.1, which was
generated by GNU Autoconf 2.65.  Invocation command line was

  CONFIG_FILES    = 
  CONFIG_HEADERS  = 
  CONFIG_LINKS    = 
  CONFIG_COMMANDS = 
  $ ./config.status 

on wmlab-317server

config.status:1031: creating pocketsphinx.pc
config.status:1031: creating Makefile
config.status:1031: creating include/Makefile
config.status:1031: creating python/Makefile
config.status:1031: creating python/setup.py
config.status:1031: creating src/Makefile
config.status:1031: creating src/libpocketsphinx/Makefile
config.status:1031: creating src/programs/Makefile
config.status:1031: creating src/gst-plugin/Makefile
config.status:1031: creating doc/Makefile
config.status:1031: creating doc/doxyfile
config.status:1031: creating model/Makefile
config.status:1031: creating model/hmm/Makefile
config.status:1031: creating model/lm/Makefile
config.status:1031: creating scripts/Makefile
config.status:1031: creating test/Makefile
config.status:1031: creating test/testfuncs.sh
config.status:1031: creating test/unit/Makefile
config.status:1031: creating test/regression/Makefile
config.status:1194: executing depfiles commands
config.status:1194: executing libtool commands

## ---------------- ##
## Cache variables. ##
## ---------------- ##

ac_cv_build=x86_64-unknown-linux-gnu
ac_cv_c_bigendian=no
ac_cv_c_compiler_gnu=yes
ac_cv_env_CC_set=
ac_cv_env_CC_value=
ac_cv_env_CFLAGS_set=
ac_cv_env_CFLAGS_value=
ac_cv_env_CPPFLAGS_set=
ac_cv_env_CPPFLAGS_value=
ac_cv_env_CPP_set=
ac_cv_env_CPP_value=
ac_cv_env_GStreamer_CFLAGS_set=
ac_cv_env_GStreamer_CFLAGS_value=
ac_cv_env_GStreamer_LIBS_set=
ac_cv_env_GStreamer_LIBS_value=
ac_cv_env_LDFLAGS_set=
ac_cv_env_LDFLAGS_value=
ac_cv_env_LIBS_set=
ac_cv_env_LIBS_value=
ac_cv_env_PKG_CONFIG_set=
ac_cv_env_PKG_CONFIG_value=
ac_cv_env_SphinxBase_CFLAGS_set=
ac_cv_env_SphinxBase_CFLAGS_value=
ac_cv_env_SphinxBase_LIBS_set=
ac_cv_env_SphinxBase_LIBS_value=
ac_cv_env_build_alias_set=
ac_cv_env_build_alias_value=
ac_cv_env_host_alias_set=
ac_cv_env_host_alias_value=
ac_cv_env_target_alias_set=
ac_cv_env_target_alias_value=
ac_cv_file__home_wmlab_CMU_try_pocketsphinx_0_6_1____sphinxbase_0_6_1_include_prim_type_h=yes
ac_cv_file__home_wmlab_CMU_try_pocketsphinx_0_6_1____sphinxbase_0_6_1_src_libsphinxbase_libsphinxbase_la=yes
ac_cv_func_dup2=yes
ac_cv_header_Python_h=yes
ac_cv_header_dlfcn_h=yes
ac_cv_header_inttypes_h=yes
ac_cv_header_memory_h=yes
ac_cv_header_stdc=yes
ac_cv_header_stdint_h=yes
ac_cv_header_stdlib_h=yes
ac_cv_header_string_h=yes
ac_cv_header_strings_h=yes
ac_cv_header_sys_stat_h=yes
ac_cv_header_sys_types_h=yes
ac_cv_header_unistd_h=yes
ac_cv_host=x86_64-unknown-linux-gnu
ac_cv_objext=o
ac_cv_path_EGREP='/bin/grep -E'
ac_cv_path_FGREP='/bin/grep -F'
ac_cv_path_GREP=/bin/grep
ac_cv_path_PYTHON=/home/wmlab/.conda/envs/python27_CMUSphinx/bin/python
ac_cv_path_PYTHON_CONFIG=/home/wmlab/.conda/envs/python27_CMUSphinx/bin/python-config
ac_cv_path_SED=/bin/sed
ac_cv_path_ac_pt_PKG_CONFIG=/usr/bin/pkg-config
ac_cv_path_install='/usr/bin/install -c'
ac_cv_path_mkdir=/bin/mkdir
ac_cv_prog_AWK=mawk
ac_cv_prog_CPP='gcc -E'
ac_cv_prog_HAVE_CYTHON=no
ac_cv_prog_HAVE_DOXYGEN=no
ac_cv_prog_HAVE_PKGCONFIG=yes
ac_cv_prog_ac_ct_AR=ar
ac_cv_prog_ac_ct_CC=gcc
ac_cv_prog_ac_ct_OBJDUMP=objdump
ac_cv_prog_ac_ct_RANLIB=ranlib
ac_cv_prog_ac_ct_STRIP=strip
ac_cv_prog_cc_c89=
ac_cv_prog_cc_g=yes
ac_cv_prog_make_make_set=yes
ac_cv_sizeof_long_long=8
ac_cv_type_long_long=yes
am_cv_CC_dependencies_compiler_type=gcc3
lt_cv_deplibs_check_method=pass_all
lt_cv_file_magic_cmd='$MAGIC_CMD'
lt_cv_file_magic_test_file=
lt_cv_ld_reload_flag=-r
lt_cv_nm_interface='BSD nm'
lt_cv_objdir=.libs
lt_cv_path_LD=/usr/bin/ld
lt_cv_path_NM='/usr/bin/nm -B'
lt_cv_prog_compiler_c_o=yes
lt_cv_prog_compiler_pic_works=yes
lt_cv_prog_compiler_rtti_exceptions=no
lt_cv_prog_compiler_static_works=yes
lt_cv_prog_gnu_ld=yes
lt_cv_sys_global_symbol_pipe='sed -n -e '\''s/^.*[	 ]\([ABCDGIRSTW][ABCDGIRSTW]*\)[	 ][	 ]*\([_A-Za-z][_A-Za-z0-9]*\)$/\1 \2 \2/p'\'''
lt_cv_sys_global_symbol_to_c_name_address='sed -n -e '\''s/^: \([^ ]*\) $/  {\"\1\", (void *) 0},/p'\'' -e '\''s/^[ABCDGIRSTW]* \([^ ]*\) \([^ ]*\)$/  {"\2", (void *) \&\2},/p'\'''
lt_cv_sys_global_symbol_to_c_name_address_lib_prefix='sed -n -e '\''s/^: \([^ ]*\) $/  {\"\1\", (void *) 0},/p'\'' -e '\''s/^[ABCDGIRSTW]* \([^ ]*\) \(lib[^ ]*\)$/  {"\2", (void *) \&\2},/p'\'' -e '\''s/^[ABCDGIRSTW]* \([^ ]*\) \([^ ]*\)$/  {"lib\2", (void *) \&\2},/p'\'''
lt_cv_sys_global_symbol_to_cdecl='sed -n -e '\''s/^T .* \(.*\)$/extern int \1();/p'\'' -e '\''s/^[ABCDGIRSTW]* .* \(.*\)$/extern char \1;/p'\'''
lt_cv_sys_max_cmd_len=1572864

## ----------------- ##
## Output variables. ##
## ----------------- ##

ACLOCAL='${SHELL} /home/wmlab/CMU_try/pocketsphinx-0.6.1/missing --run aclocal-1.11'
ACLOCAL_AMFLAGS='-I m4'
AMDEPBACKSLASH='\'
AMDEP_FALSE='#'
AMDEP_TRUE=''
AMTAR='${SHELL} /home/wmlab/CMU_try/pocketsphinx-0.6.1/missing --run tar'
AR='ar'
AUTOCONF='${SHELL} /home/wmlab/CMU_try/pocketsphinx-0.6.1/missing --run autoconf'
AUTOHEADER='${SHELL} /home/wmlab/CMU_try/pocketsphinx-0.6.1/missing --run autoheader'
AUTOMAKE='${SHELL} /home/wmlab/CMU_try/pocketsphinx-0.6.1/missing --run automake-1.11'
AWK='mawk'
BUILD_CYTHON_FALSE=''
BUILD_CYTHON_TRUE='#'
BUILD_DOXYGEN_FALSE=''
BUILD_DOXYGEN_TRUE='#'
BUILD_GST_FALSE=''
BUILD_GST_TRUE='#'
BUILD_PYTHON_FALSE='#'
BUILD_PYTHON_TRUE=''
CC='gcc'
CCDEPMODE='depmode=gcc3'
CFLAGS='-g -O2 -Wall'
CPP='gcc -E'
CPPFLAGS='-I/home/wmlab/CMU_try/pocketsphinx-0.6.1/../sphinxbase-0.6.1/include -I/home/wmlab/CMU_try/pocketsphinx-0.6.1/../sphinxbase-0.6.1/include  -I/home/wmlab/.conda/envs/python27_CMUSphinx/include/python2.7 -I/home/wmlab/.conda/envs/python27_CMUSphinx/include/python2.7'
CYGPATH_W='echo'
DEFS='-DPACKAGE_NAME=\"pocketsphinx\" -DPACKAGE_TARNAME=\"pocketsphinx\" -DPACKAGE_VERSION=\"0.6.1\" -DPACKAGE_STRING=\"pocketsphinx\ 0.6.1\" -DPACKAGE_BUGREPORT=\"\" -DPACKAGE_URL=\"\" -DSTDC_HEADERS=1 -DHAVE_SYS_TYPES_H=1 -DHAVE_SYS_STAT_H=1 -DHAVE_STDLIB_H=1 -DHAVE_STRING_H=1 -DHAVE_MEMORY_H=1 -DHAVE_STRINGS_H=1 -DHAVE_INTTYPES_H=1 -DHAVE_STDINT_H=1 -DHAVE_UNISTD_H=1 -DHAVE_DLFCN_H=1 -DLT_OBJDIR=\".libs/\" -DHAVE_LONG_LONG=1 -DSIZEOF_LONG_LONG=8 -DHAVE_DUP2=1'
DEPDIR='.deps'
DSYMUTIL=''
DUMPBIN=''
ECHO_C=''
ECHO_N='-n'
ECHO_T=''
EGREP='/bin/grep -E'
EXEEXT=''
FGREP='/bin/grep -F'
GREP='/bin/grep'
GST_CFLAGS=' '
GST_LIBS=''
GST_MAJORMINOR='0.10'
GST_PLUGIN_LDFLAGS='-module -avoid-version -export-symbols-regex _*\(gst_\|Gst\|GST_\).*'
GStreamer_CFLAGS=''
GStreamer_LIBS=''
HAVE_CYTHON='no'
HAVE_DOXYGEN='no'
HAVE_PKGCONFIG='yes'
INSTALL_DATA='${INSTALL} -m 644'
INSTALL_PROGRAM='${INSTALL}'
INSTALL_SCRIPT='${INSTALL}'
INSTALL_STRIP_PROGRAM='$(install_sh) -c -s'
LD='/usr/bin/ld -m elf_x86_64'
LDFLAGS=' -L/home/wmlab/CMU_try/pocketsphinx-0.6.1/../sphinxbase-0.6.1/src/libsphinxad 		  -L/home/wmlab/CMU_try/pocketsphinx-0.6.1/../sphinxbase-0.6.1/src/libsphinxbase 		  -L/home/wmlab/CMU_try/pocketsphinx-0.6.1/../sphinxbase-0.6.1/src/libsphinxbase/.libs'
LIBOBJS=''
LIBS=' -lsphinxbase'
LIBTOOL='$(SHELL) $(top_builddir)/libtool'
LIPO=''
LN_S='ln -s'
LTLIBOBJS=''
MAKEINFO='${SHELL} /home/wmlab/CMU_try/pocketsphinx-0.6.1/missing --run makeinfo'
MKDIR_P='/bin/mkdir -p'
NM='/usr/bin/nm -B'
NMEDIT=''
OBJDUMP='objdump'
OBJEXT='o'
OTOOL64=''
OTOOL=''
PACKAGE='pocketsphinx'
PACKAGE_BUGREPORT=''
PACKAGE_NAME='pocketsphinx'
PACKAGE_STRING='pocketsphinx 0.6.1'
PACKAGE_TARNAME='pocketsphinx'
PACKAGE_URL=''
PACKAGE_VERSION='0.6.1'
PATH_SEPARATOR=':'
PKG_CONFIG='/usr/bin/pkg-config'
PYTHON='/home/wmlab/.conda/envs/python27_CMUSphinx/bin/python'
PYTHON_CONFIG='/home/wmlab/.conda/envs/python27_CMUSphinx/bin/python-config'
RANLIB='ranlib'
SED='/bin/sed'
SET_MAKE=''
SHELL='/bin/bash'
STRIP='strip'
SphinxBase_CFLAGS=''
SphinxBase_LIBS=''
VERSION='0.6.1'
ac_ct_CC='gcc'
ac_ct_DUMPBIN=''
am__EXEEXT_FALSE=''
am__EXEEXT_TRUE='#'
am__fastdepCC_FALSE='#'
am__fastdepCC_TRUE=''
am__include='include'
am__isrc=''
am__leading_dot='.'
am__quote=''
am__tar='${AMTAR} chof - "$$tardir"'
am__untar='${AMTAR} xf -'
bindir='${exec_prefix}/bin'
build='x86_64-unknown-linux-gnu'
build_alias=''
build_cpu='x86_64'
build_os='linux-gnu'
build_vendor='unknown'
datadir='${datarootdir}'
datarootdir='${prefix}/share'
docdir='${datarootdir}/doc/${PACKAGE_TARNAME}'
dvidir='${docdir}'
exec_prefix='${prefix}'
host='x86_64-unknown-linux-gnu'
host_alias=''
host_cpu='x86_64'
host_os='linux-gnu'
host_vendor='unknown'
htmldir='${docdir}'
includedir='${prefix}/include'
infodir='${datarootdir}/info'
install_sh='${SHELL} /home/wmlab/CMU_try/pocketsphinx-0.6.1/install-sh'
libdir='${exec_prefix}/lib'
libexecdir='${exec_prefix}/libexec'
localedir='${datarootdir}/locale'
localstatedir='${prefix}/var'
lt_ECHO='echo'
mandir='${datarootdir}/man'
mkdir_p='/bin/mkdir -p'
oldincludedir='/usr/include'
pdfdir='${docdir}'
plugindir='$(libdir)/gstreamer-0.10'
prefix='/home/wmlab/.conda/envs/python27_CMUSphinx'
program_transform_name='s,x,x,'
psdir='${docdir}'
sbindir='${exec_prefix}/sbin'
sharedstatedir='${prefix}/com'
sphinxbase='/home/wmlab/CMU_try/pocketsphinx-0.6.1/../sphinxbase-0.6.1'
sphinxbasebuild='/home/wmlab/CMU_try/pocketsphinx-0.6.1/../sphinxbase-0.6.1'
sysconfdir='${prefix}/etc'
target_alias=''

## ----------- ##
## confdefs.h. ##
## ----------- ##

/* confdefs.h */
#define PACKAGE_NAME "pocketsphinx"
#define PACKAGE_TARNAME "pocketsphinx"
#define PACKAGE_VERSION "0.6.1"
#define PACKAGE_STRING "pocketsphinx 0.6.1"
#define PACKAGE_BUGREPORT ""
#define PACKAGE_URL ""
#define STDC_HEADERS 1
#define HAVE_SYS_TYPES_H 1
#define HAVE_SYS_STAT_H 1
#define HAVE_STDLIB_H 1
#define HAVE_STRING_H 1
#define HAVE_MEMORY_H 1
#define HAVE_STRINGS_H 1
#define HAVE_INTTYPES_H 1
#define HAVE_STDINT_H 1
#define HAVE_UNISTD_H 1
#define HAVE_DLFCN_H 1
#define LT_OBJDIR ".libs/"
#define HAVE_LONG_LONG 1
#define SIZEOF_LONG_LONG 8
#define HAVE_DUP2 1

configure: exit 0
